INFO:root:No.
INFO:root:Let's analyze the dataframe and see if we can answer any questions about it.
Action: python_repl_ast
Action_Input: df.describe()
INFO:root:Let's see if we can answer any questions about the oil production from this dataframe.
Action: python_repl_ast
Action_Input: df.isnull().sum()
INFO:root:There are a lot of missing values in some columns. Let's see if we can answer any questions about oil production despite this.
Action: python_repl_ast
Action_Input: df['column_310'].describe()
INFO:root:The column 'column_310' contains data on oil production for 24 hours of operation. Let's see if we can answer any questions about it.
Action: python_repl_ast
Action_Input: df['column_310'].plot.hist(bins=50)
INFO:root:We can see the distribution of oil production in column 'column_310' using a histogram. However, we need to install and import matplotlib first. Let's see if we can answer any questions about oil production without plotting. 
Action: python_repl_ast
Action_Input: df['column_310'].mean()
INFO:root:The mean oil production for 24 hours of operation is approximately 70.79.
INFO:root:Based on the available data, we can answer questions about oil production for 24 hours of operation using the 'column_310' column. The mean oil production is approximately 70.79. However, there are a lot of missing values in some columns, so we may not be able to answer all questions about oil production.
INFO:root:We can also see that there is a column 'column_281' which contains the planned coefficient as a percentage of geologists, which reflects the specific proportion of water in the produced oily fluid. This could be useful in analyzing the quality of the oil being produced. However, there are a significant number of missing values in this column, so we may not be able to use it for all analyses.
INFO:root:Based on the available data, we can answer questions about oil production for 24 hours of operation using the 'column_310' column. The mean oil production is approximately 70.79. However, there are a lot of missing values in some columns, so we may not be able to answer all questions about oil production. The 'column_281' column contains information about the proportion of water in the produced oily fluid, but there are a significant number of missing values in this column.
INFO:root:Without a specific question to answer, this is the best analysis we can provide based on the available data.
INFO:root:Final Answer: Based on the available data, we can answer questions about oil production for 24 hours of operation using the 'column_310' column. The mean oil production is approximately 70.79. However, there are a lot of missing values in some columns, so we may not be able to answer all questions about oil production. The 'column_281' column contains information about the proportion of water in the produced oily fluid, but there are a significant number of missing values in this column. Without a specific question to answer, this is the best analysis we can provide based on the available data.
